2021-10-09 23:01:09.894 [restartedMain] ERROR o.s.b.diagnostics.LoggingFailureAnalysisReporter - 

***************************
APPLICATION FAILED TO START
***************************

Description:

Parameter 0 of constructor in springfox.documentation.swagger.schema.ApiModelBuilder required a bean of type 'com.fasterxml.classmate.TypeResolver' that could not be found.


Action:

Consider defining a bean of type 'com.fasterxml.classmate.TypeResolver' in your configuration.

2021-10-09 23:02:52.373 [restartedMain] ERROR o.s.b.diagnostics.LoggingFailureAnalysisReporter - 

***************************
APPLICATION FAILED TO START
***************************

Description:

Parameter 0 of constructor in springfox.documentation.swagger.schema.ApiModelBuilder required a bean of type 'com.fasterxml.classmate.TypeResolver' that could not be found.


Action:

Consider defining a bean of type 'com.fasterxml.classmate.TypeResolver' in your configuration.

2021-10-09 23:04:03.153 [restartedMain] ERROR o.s.b.diagnostics.LoggingFailureAnalysisReporter - 

***************************
APPLICATION FAILED TO START
***************************

Description:

Parameter 0 of constructor in springfox.documentation.swagger.schema.ApiModelBuilder required a bean of type 'com.fasterxml.classmate.TypeResolver' that could not be found.


Action:

Consider defining a bean of type 'com.fasterxml.classmate.TypeResolver' in your configuration.

2021-10-09 23:09:50.491 [restartedMain] ERROR o.s.b.diagnostics.LoggingFailureAnalysisReporter - 

***************************
APPLICATION FAILED TO START
***************************

Description:

Parameter 0 of constructor in springfox.documentation.swagger.schema.ApiModelBuilder required a bean of type 'com.fasterxml.classmate.TypeResolver' that could not be found.


Action:

Consider defining a bean of type 'com.fasterxml.classmate.TypeResolver' in your configuration.

2021-10-09 23:44:33.451 [restartedMain] ERROR o.s.boot.web.embedded.tomcat.TomcatStarter - Error starting Tomcat context. Exception: org.springframework.beans.factory.UnsatisfiedDependencyException. Message: Error creating bean with name 'securityConfig': Unsatisfied dependency expressed through field 'adminService'; nested exception is org.springframework.beans.factory.UnsatisfiedDependencyException: Error creating bean with name 'adminServiceImpl': Unsatisfied dependency expressed through field 'baseMapper'; nested exception is org.springframework.beans.factory.UnsatisfiedDependencyException: Error creating bean with name 'adminMapper' defined in file [F:\JAVA\code\sust-epidemic-surveillance\target\classes\com\example\epidemicsurveillance\mapper\AdminMapper.class]: Unsatisfied dependency expressed through bean property 'sqlSessionFactory'; nested exception is org.springframework.beans.factory.UnsatisfiedDependencyException: Error creating bean with name 'sqlSessionFactory' defined in class path resource [com/baomidou/mybatisplus/autoconfigure/MybatisPlusAutoConfiguration.class]: Unsatisfied dependency expressed through method 'sqlSessionFactory' parameter 0; nested exception is org.springframework.beans.factory.BeanCreationException: Error creating bean with name 'dataSource' defined in class path resource [org/springframework/boot/autoconfigure/jdbc/DataSourceConfiguration$Hikari.class]: Bean instantiation via factory method failed; nested exception is org.springframework.beans.BeanInstantiationException: Failed to instantiate [com.zaxxer.hikari.HikariDataSource]: Factory method 'dataSource' threw exception; nested exception is org.springframework.boot.autoconfigure.jdbc.DataSourceProperties$DataSourceBeanCreationException: Failed to determine a suitable driver class
2021-10-09 23:44:33.545 [restartedMain] ERROR o.s.b.diagnostics.LoggingFailureAnalysisReporter - 

***************************
APPLICATION FAILED TO START
***************************

Description:

Failed to configure a DataSource: 'url' attribute is not specified and no embedded datasource could be configured.

Reason: Failed to determine a suitable driver class


Action:

Consider the following:
	If you want an embedded database (H2, HSQL or Derby), please put it on the classpath.
	If you have database settings to be loaded from a particular profile you may need to activate it (the profiles dev are currently active).

2021-10-09 23:52:25.028 [restartedMain] ERROR o.s.b.diagnostics.LoggingFailureAnalysisReporter - 

***************************
APPLICATION FAILED TO START
***************************

Description:

Parameter 0 of constructor in com.github.xiaoymin.knife4j.spring.plugin.DynamicResponseModelReader required a bean of type 'springfox.documentation.schema.TypeNameExtractor' that could not be found.


Action:

Consider defining a bean of type 'springfox.documentation.schema.TypeNameExtractor' in your configuration.

2021-10-09 23:52:26.889 [restartedMain] ERROR o.s.b.diagnostics.LoggingFailureAnalysisReporter - 

***************************
APPLICATION FAILED TO START
***************************

Description:

Field permissionService in com.example.epidemicsurveillance.config.security.CustomFilter required a bean of type 'com.example.epidemicsurveillance.service.IPermissionService' that could not be found.

The injection point has the following annotations:
	- @org.springframework.beans.factory.annotation.Autowired(required=true)


Action:

Consider defining a bean of type 'com.example.epidemicsurveillance.service.IPermissionService' in your configuration.

2021-10-09 23:52:31.867 [restartedMain] ERROR o.s.b.diagnostics.LoggingFailureAnalysisReporter - 

***************************
APPLICATION FAILED TO START
***************************

Description:

Parameter 0 of constructor in com.github.xiaoymin.knife4j.spring.plugin.DynamicResponseModelReader required a bean of type 'springfox.documentation.schema.TypeNameExtractor' that could not be found.


Action:

Consider defining a bean of type 'springfox.documentation.schema.TypeNameExtractor' in your configuration.

