2021-10-09 15:51:59.252 [restartedMain] INFO  com.example.EpidemicSurveillanceApplication - Starting EpidemicSurveillanceApplication using Java 1.8.0_192 on LAPTOP-94NLQ9G0 with PID 6848 (D:\project\sust-epidemic-surveillance\sust-epidemic-surveillance\target\classes started by 26905 in D:\project\sust-epidemic-surveillance\sust-epidemic-surveillance)
2021-10-09 15:51:59.256 [restartedMain] INFO  com.example.EpidemicSurveillanceApplication - The following profiles are active: dev
2021-10-09 15:51:59.321 [restartedMain] INFO  o.s.b.d.env.DevToolsPropertyDefaultsPostProcessor - Devtools property defaults active! Set 'spring.devtools.add-properties' to 'false' to disable
2021-10-09 15:51:59.322 [restartedMain] INFO  o.s.b.d.env.DevToolsPropertyDefaultsPostProcessor - For additional web related logging consider setting the 'logging.level.web' property to 'DEBUG'
2021-10-09 15:52:01.164 [restartedMain] INFO  o.s.boot.web.embedded.tomcat.TomcatWebServer - Tomcat initialized with port(s): 8400 (http)
2021-10-09 15:52:01.175 [restartedMain] INFO  org.apache.coyote.http11.Http11NioProtocol - Initializing ProtocolHandler ["http-nio-8400"]
2021-10-09 15:52:01.176 [restartedMain] INFO  org.apache.catalina.core.StandardService - Starting service [Tomcat]
2021-10-09 15:52:01.177 [restartedMain] INFO  org.apache.catalina.core.StandardEngine - Starting Servlet engine: [Apache Tomcat/9.0.53]
2021-10-09 15:52:01.398 [restartedMain] INFO  o.a.c.core.ContainerBase.[Tomcat].[localhost].[/] - Initializing Spring embedded WebApplicationContext
2021-10-09 15:52:01.399 [restartedMain] INFO  o.s.b.w.s.c.ServletWebServerApplicationContext - Root WebApplicationContext: initialization completed in 2075 ms
2021-10-09 15:52:05.282 [restartedMain] INFO  o.s.security.web.DefaultSecurityFilterChain - Will secure Ant [pattern='/login'] with []
2021-10-09 15:52:05.282 [restartedMain] INFO  o.s.security.web.DefaultSecurityFilterChain - Will secure Ant [pattern='/logout'] with []
2021-10-09 15:52:05.283 [restartedMain] INFO  o.s.security.web.DefaultSecurityFilterChain - Will secure Ant [pattern='/css/**'] with []
2021-10-09 15:52:05.283 [restartedMain] INFO  o.s.security.web.DefaultSecurityFilterChain - Will secure Ant [pattern='/js/**'] with []
2021-10-09 15:52:05.283 [restartedMain] INFO  o.s.security.web.DefaultSecurityFilterChain - Will secure Ant [pattern='/index.html'] with []
2021-10-09 15:52:05.283 [restartedMain] INFO  o.s.security.web.DefaultSecurityFilterChain - Will secure Ant [pattern='favicon.ico'] with []
2021-10-09 15:52:05.284 [restartedMain] INFO  o.s.security.web.DefaultSecurityFilterChain - Will secure Ant [pattern='/doc.html'] with []
2021-10-09 15:52:05.284 [restartedMain] INFO  o.s.security.web.DefaultSecurityFilterChain - Will secure Ant [pattern='/webjars/**'] with []
2021-10-09 15:52:05.284 [restartedMain] INFO  o.s.security.web.DefaultSecurityFilterChain - Will secure Ant [pattern='/swagger-resources/**'] with []
2021-10-09 15:52:05.284 [restartedMain] INFO  o.s.security.web.DefaultSecurityFilterChain - Will secure Ant [pattern='/v2/api-docs/**'] with []
2021-10-09 15:52:05.284 [restartedMain] INFO  o.s.security.web.DefaultSecurityFilterChain - Will secure Ant [pattern='/captcha'] with []
2021-10-09 15:52:05.285 [restartedMain] INFO  o.s.security.web.DefaultSecurityFilterChain - Will secure Ant [pattern='/ws/**'] with []
2021-10-09 15:52:05.312 [restartedMain] INFO  o.s.security.web.DefaultSecurityFilterChain - Will secure any request with [org.springframework.security.web.context.request.async.WebAsyncManagerIntegrationFilter@7516e5cb, org.springframework.security.web.context.SecurityContextPersistenceFilter@46b95e1a, org.springframework.security.web.header.HeaderWriterFilter@45ed353d, org.springframework.security.web.authentication.logout.LogoutFilter@7ef2941f, com.example.epidemicsurveillance.config.security.JwtAuthencationTokenFilter@5754b078, org.springframework.security.web.savedrequest.RequestCacheAwareFilter@7bd61e23, org.springframework.security.web.servletapi.SecurityContextHolderAwareRequestFilter@7ed47b09, org.springframework.security.web.authentication.AnonymousAuthenticationFilter@63e8ff0a, org.springframework.security.web.session.SessionManagementFilter@4ae0789f, org.springframework.security.web.access.ExceptionTranslationFilter@633411f5, org.springframework.security.web.access.intercept.FilterSecurityInterceptor@3737bfe5]
2021-10-09 15:52:05.388 [restartedMain] INFO  o.s.b.d.autoconfigure.OptionalLiveReloadServer - LiveReload server is running on port 35729
2021-10-09 15:52:05.421 [restartedMain] INFO  org.apache.coyote.http11.Http11NioProtocol - Starting ProtocolHandler ["http-nio-8400"]
2021-10-09 15:52:05.443 [restartedMain] INFO  o.s.boot.web.embedded.tomcat.TomcatWebServer - Tomcat started on port(s): 8400 (http) with context path ''
2021-10-09 15:52:05.455 [restartedMain] INFO  com.example.EpidemicSurveillanceApplication - Started EpidemicSurveillanceApplication in 6.87 seconds (JVM running for 10.073)
2021-10-09 23:01:06.184 [restartedMain] INFO  com.example.EpidemicSurveillanceApplication - Starting EpidemicSurveillanceApplication using Java 1.8.0_192 on LAPTOP-94NLQ9G0 with PID 16344 (D:\project\sust-epidemic-surveillance\sust-epidemic-surveillance\target\classes started by 26905 in D:\project\sust-epidemic-surveillance\sust-epidemic-surveillance)
2021-10-09 23:01:06.189 [restartedMain] INFO  com.example.EpidemicSurveillanceApplication - The following profiles are active: dev
2021-10-09 23:01:06.280 [restartedMain] INFO  o.s.b.d.env.DevToolsPropertyDefaultsPostProcessor - Devtools property defaults active! Set 'spring.devtools.add-properties' to 'false' to disable
2021-10-09 23:01:06.282 [restartedMain] INFO  o.s.b.d.env.DevToolsPropertyDefaultsPostProcessor - For additional web related logging consider setting the 'logging.level.web' property to 'DEBUG'
2021-10-09 23:01:07.756 [restartedMain] INFO  o.s.boot.web.embedded.tomcat.TomcatWebServer - Tomcat initialized with port(s): 8400 (http)
2021-10-09 23:01:07.767 [restartedMain] INFO  org.apache.coyote.http11.Http11NioProtocol - Initializing ProtocolHandler ["http-nio-8400"]
2021-10-09 23:01:07.768 [restartedMain] INFO  org.apache.catalina.core.StandardService - Starting service [Tomcat]
2021-10-09 23:01:07.768 [restartedMain] INFO  org.apache.catalina.core.StandardEngine - Starting Servlet engine: [Apache Tomcat/9.0.53]
2021-10-09 23:01:07.931 [restartedMain] INFO  o.a.c.core.ContainerBase.[Tomcat].[localhost].[/] - Initializing Spring embedded WebApplicationContext
2021-10-09 23:01:07.931 [restartedMain] INFO  o.s.b.w.s.c.ServletWebServerApplicationContext - Root WebApplicationContext: initialization completed in 1646 ms
2021-10-09 23:01:09.870 [restartedMain] INFO  org.apache.catalina.core.StandardService - Stopping service [Tomcat]
2021-10-09 23:01:09.879 [restartedMain] INFO  o.s.b.a.l.ConditionEvaluationReportLoggingListener - 

Error starting ApplicationContext. To display the conditions report re-run your application with 'debug' enabled.
2021-10-09 23:02:48.965 [restartedMain] INFO  com.example.EpidemicSurveillanceApplication - Starting EpidemicSurveillanceApplication using Java 1.8.0_192 on LAPTOP-94NLQ9G0 with PID 11928 (D:\project\sust-epidemic-surveillance\sust-epidemic-surveillance\target\classes started by 26905 in D:\project\sust-epidemic-surveillance\sust-epidemic-surveillance)
2021-10-09 23:02:48.970 [restartedMain] INFO  com.example.EpidemicSurveillanceApplication - The following profiles are active: dev
2021-10-09 23:02:49.018 [restartedMain] INFO  o.s.b.d.env.DevToolsPropertyDefaultsPostProcessor - Devtools property defaults active! Set 'spring.devtools.add-properties' to 'false' to disable
2021-10-09 23:02:49.018 [restartedMain] INFO  o.s.b.d.env.DevToolsPropertyDefaultsPostProcessor - For additional web related logging consider setting the 'logging.level.web' property to 'DEBUG'
2021-10-09 23:02:50.259 [restartedMain] INFO  o.s.boot.web.embedded.tomcat.TomcatWebServer - Tomcat initialized with port(s): 8400 (http)
2021-10-09 23:02:50.269 [restartedMain] INFO  org.apache.coyote.http11.Http11NioProtocol - Initializing ProtocolHandler ["http-nio-8400"]
2021-10-09 23:02:50.270 [restartedMain] INFO  org.apache.catalina.core.StandardService - Starting service [Tomcat]
2021-10-09 23:02:50.270 [restartedMain] INFO  org.apache.catalina.core.StandardEngine - Starting Servlet engine: [Apache Tomcat/9.0.53]
2021-10-09 23:02:50.441 [restartedMain] INFO  o.a.c.core.ContainerBase.[Tomcat].[localhost].[/] - Initializing Spring embedded WebApplicationContext
2021-10-09 23:02:50.442 [restartedMain] INFO  o.s.b.w.s.c.ServletWebServerApplicationContext - Root WebApplicationContext: initialization completed in 1423 ms
2021-10-09 23:02:52.350 [restartedMain] INFO  org.apache.catalina.core.StandardService - Stopping service [Tomcat]
2021-10-09 23:02:52.359 [restartedMain] INFO  o.s.b.a.l.ConditionEvaluationReportLoggingListener - 

Error starting ApplicationContext. To display the conditions report re-run your application with 'debug' enabled.
2021-10-09 23:03:59.525 [restartedMain] INFO  com.example.EpidemicSurveillanceApplication - Starting EpidemicSurveillanceApplication using Java 1.8.0_192 on LAPTOP-94NLQ9G0 with PID 19480 (D:\project\sust-epidemic-surveillance\sust-epidemic-surveillance\target\classes started by 26905 in D:\project\sust-epidemic-surveillance\sust-epidemic-surveillance)
2021-10-09 23:03:59.529 [restartedMain] INFO  com.example.EpidemicSurveillanceApplication - The following profiles are active: dev
2021-10-09 23:03:59.579 [restartedMain] INFO  o.s.b.d.env.DevToolsPropertyDefaultsPostProcessor - Devtools property defaults active! Set 'spring.devtools.add-properties' to 'false' to disable
2021-10-09 23:03:59.580 [restartedMain] INFO  o.s.b.d.env.DevToolsPropertyDefaultsPostProcessor - For additional web related logging consider setting the 'logging.level.web' property to 'DEBUG'
2021-10-09 23:04:01.045 [restartedMain] INFO  o.s.boot.web.embedded.tomcat.TomcatWebServer - Tomcat initialized with port(s): 8400 (http)
2021-10-09 23:04:01.055 [restartedMain] INFO  org.apache.coyote.http11.Http11NioProtocol - Initializing ProtocolHandler ["http-nio-8400"]
2021-10-09 23:04:01.056 [restartedMain] INFO  org.apache.catalina.core.StandardService - Starting service [Tomcat]
2021-10-09 23:04:01.056 [restartedMain] INFO  org.apache.catalina.core.StandardEngine - Starting Servlet engine: [Apache Tomcat/9.0.53]
2021-10-09 23:04:01.200 [restartedMain] INFO  o.a.c.core.ContainerBase.[Tomcat].[localhost].[/] - Initializing Spring embedded WebApplicationContext
2021-10-09 23:04:01.200 [restartedMain] INFO  o.s.b.w.s.c.ServletWebServerApplicationContext - Root WebApplicationContext: initialization completed in 1620 ms
2021-10-09 23:04:03.131 [restartedMain] INFO  org.apache.catalina.core.StandardService - Stopping service [Tomcat]
2021-10-09 23:04:03.139 [restartedMain] INFO  o.s.b.a.l.ConditionEvaluationReportLoggingListener - 

Error starting ApplicationContext. To display the conditions report re-run your application with 'debug' enabled.
2021-10-09 23:09:46.660 [restartedMain] INFO  com.example.EpidemicSurveillanceApplication - Starting EpidemicSurveillanceApplication using Java 1.8.0_192 on LAPTOP-94NLQ9G0 with PID 21404 (D:\project\sust-epidemic-surveillance\sust-epidemic-surveillance\target\classes started by 26905 in D:\project\sust-epidemic-surveillance\sust-epidemic-surveillance)
2021-10-09 23:09:46.665 [restartedMain] INFO  com.example.EpidemicSurveillanceApplication - The following profiles are active: dev
2021-10-09 23:09:46.733 [restartedMain] INFO  o.s.b.d.env.DevToolsPropertyDefaultsPostProcessor - Devtools property defaults active! Set 'spring.devtools.add-properties' to 'false' to disable
2021-10-09 23:09:46.733 [restartedMain] INFO  o.s.b.d.env.DevToolsPropertyDefaultsPostProcessor - For additional web related logging consider setting the 'logging.level.web' property to 'DEBUG'
2021-10-09 23:09:48.117 [restartedMain] INFO  o.s.boot.web.embedded.tomcat.TomcatWebServer - Tomcat initialized with port(s): 8400 (http)
2021-10-09 23:09:48.126 [restartedMain] INFO  org.apache.coyote.http11.Http11NioProtocol - Initializing ProtocolHandler ["http-nio-8400"]
2021-10-09 23:09:48.127 [restartedMain] INFO  org.apache.catalina.core.StandardService - Starting service [Tomcat]
2021-10-09 23:09:48.127 [restartedMain] INFO  org.apache.catalina.core.StandardEngine - Starting Servlet engine: [Apache Tomcat/9.0.53]
2021-10-09 23:09:48.322 [restartedMain] INFO  o.a.c.core.ContainerBase.[Tomcat].[localhost].[/] - Initializing Spring embedded WebApplicationContext
2021-10-09 23:09:48.323 [restartedMain] INFO  o.s.b.w.s.c.ServletWebServerApplicationContext - Root WebApplicationContext: initialization completed in 1588 ms
2021-10-09 23:09:50.463 [restartedMain] INFO  org.apache.catalina.core.StandardService - Stopping service [Tomcat]
2021-10-09 23:09:50.473 [restartedMain] INFO  o.s.b.a.l.ConditionEvaluationReportLoggingListener - 

Error starting ApplicationContext. To display the conditions report re-run your application with 'debug' enabled.
2021-10-09 23:13:02.122 [restartedMain] INFO  com.example.EpidemicSurveillanceApplication - Starting EpidemicSurveillanceApplication using Java 1.8.0_192 on LAPTOP-94NLQ9G0 with PID 9852 (D:\project\sust-epidemic-surveillance\sust-epidemic-surveillance\target\classes started by 26905 in D:\project\sust-epidemic-surveillance\sust-epidemic-surveillance)
2021-10-09 23:13:02.125 [restartedMain] INFO  com.example.EpidemicSurveillanceApplication - The following profiles are active: dev
2021-10-09 23:13:02.177 [restartedMain] INFO  o.s.b.d.env.DevToolsPropertyDefaultsPostProcessor - Devtools property defaults active! Set 'spring.devtools.add-properties' to 'false' to disable
2021-10-09 23:13:02.177 [restartedMain] INFO  o.s.b.d.env.DevToolsPropertyDefaultsPostProcessor - For additional web related logging consider setting the 'logging.level.web' property to 'DEBUG'
2021-10-09 23:13:03.875 [restartedMain] INFO  o.s.boot.web.embedded.tomcat.TomcatWebServer - Tomcat initialized with port(s): 8400 (http)
2021-10-09 23:13:03.884 [restartedMain] INFO  org.apache.coyote.http11.Http11NioProtocol - Initializing ProtocolHandler ["http-nio-8400"]
2021-10-09 23:13:03.885 [restartedMain] INFO  org.apache.catalina.core.StandardService - Starting service [Tomcat]
2021-10-09 23:13:03.885 [restartedMain] INFO  org.apache.catalina.core.StandardEngine - Starting Servlet engine: [Apache Tomcat/9.0.53]
2021-10-09 23:13:04.041 [restartedMain] INFO  o.a.c.core.ContainerBase.[Tomcat].[localhost].[/] - Initializing Spring embedded WebApplicationContext
2021-10-09 23:13:04.042 [restartedMain] INFO  o.s.b.w.s.c.ServletWebServerApplicationContext - Root WebApplicationContext: initialization completed in 1864 ms
2021-10-09 23:13:06.383 [restartedMain] INFO  s.d.s.w.WebMvcPropertySourcedRequestMappingHandlerMapping - Mapped URL path [/v2/api-docs] onto method [springfox.documentation.swagger2.web.Swagger2ControllerWebMvc#getDocumentation(String, HttpServletRequest)]
2021-10-09 23:13:06.481 [restartedMain] INFO  o.s.b.d.autoconfigure.OptionalLiveReloadServer - LiveReload server is running on port 35729
2021-10-09 23:13:06.675 [restartedMain] INFO  o.s.security.web.DefaultSecurityFilterChain - Will secure Ant [pattern='/login'] with []
2021-10-09 23:13:06.676 [restartedMain] INFO  o.s.security.web.DefaultSecurityFilterChain - Will secure Ant [pattern='/logout'] with []
2021-10-09 23:13:06.676 [restartedMain] INFO  o.s.security.web.DefaultSecurityFilterChain - Will secure Ant [pattern='/css/**'] with []
2021-10-09 23:13:06.676 [restartedMain] INFO  o.s.security.web.DefaultSecurityFilterChain - Will secure Ant [pattern='/js/**'] with []
2021-10-09 23:13:06.676 [restartedMain] INFO  o.s.security.web.DefaultSecurityFilterChain - Will secure Ant [pattern='/index.html'] with []
2021-10-09 23:13:06.677 [restartedMain] INFO  o.s.security.web.DefaultSecurityFilterChain - Will secure Ant [pattern='favicon.ico'] with []
2021-10-09 23:13:06.677 [restartedMain] INFO  o.s.security.web.DefaultSecurityFilterChain - Will secure Ant [pattern='/doc.html'] with []
2021-10-09 23:13:06.677 [restartedMain] INFO  o.s.security.web.DefaultSecurityFilterChain - Will secure Ant [pattern='/webjars/**'] with []
2021-10-09 23:13:06.677 [restartedMain] INFO  o.s.security.web.DefaultSecurityFilterChain - Will secure Ant [pattern='/swagger-resources/**'] with []
2021-10-09 23:13:06.677 [restartedMain] INFO  o.s.security.web.DefaultSecurityFilterChain - Will secure Ant [pattern='/v2/api-docs/**'] with []
2021-10-09 23:13:06.677 [restartedMain] INFO  o.s.security.web.DefaultSecurityFilterChain - Will secure Ant [pattern='/captcha'] with []
2021-10-09 23:13:06.678 [restartedMain] INFO  o.s.security.web.DefaultSecurityFilterChain - Will secure Ant [pattern='/ws/**'] with []
2021-10-09 23:13:06.703 [restartedMain] INFO  o.s.security.web.DefaultSecurityFilterChain - Will secure any request with [org.springframework.security.web.context.request.async.WebAsyncManagerIntegrationFilter@6cbab247, org.springframework.security.web.context.SecurityContextPersistenceFilter@63634cbd, org.springframework.security.web.header.HeaderWriterFilter@707c1397, org.springframework.security.web.authentication.logout.LogoutFilter@10253c1c, com.example.epidemicsurveillance.config.security.JwtAuthencationTokenFilter@6e76032, org.springframework.security.web.savedrequest.RequestCacheAwareFilter@1c3f9406, org.springframework.security.web.servletapi.SecurityContextHolderAwareRequestFilter@39f7d27a, org.springframework.security.web.authentication.AnonymousAuthenticationFilter@14840a1a, org.springframework.security.web.session.SessionManagementFilter@35e173d2, org.springframework.security.web.access.ExceptionTranslationFilter@3c3016a2, org.springframework.security.web.access.intercept.FilterSecurityInterceptor@45ba16f]
2021-10-09 23:13:06.777 [restartedMain] INFO  org.apache.coyote.http11.Http11NioProtocol - Starting ProtocolHandler ["http-nio-8400"]
2021-10-09 23:13:06.792 [restartedMain] INFO  o.s.boot.web.embedded.tomcat.TomcatWebServer - Tomcat started on port(s): 8400 (http) with context path ''
2021-10-09 23:13:06.793 [restartedMain] INFO  s.d.s.web.plugins.DocumentationPluginsBootstrapper - Documentation plugins bootstrapped
2021-10-09 23:13:06.795 [restartedMain] INFO  s.d.s.web.plugins.DocumentationPluginsBootstrapper - Found 1 custom documentation plugin(s)
2021-10-09 23:13:06.815 [restartedMain] INFO  s.d.spring.web.scanners.ApiListingReferenceScanner - Scanning for api listing references
2021-10-09 23:13:06.828 [restartedMain] INFO  com.example.EpidemicSurveillanceApplication - Started EpidemicSurveillanceApplication in 5.211 seconds (JVM running for 6.971)
2021-10-09 23:13:30.309 [http-nio-8400-exec-1] INFO  o.a.c.core.ContainerBase.[Tomcat].[localhost].[/] - Initializing Spring DispatcherServlet 'dispatcherServlet'
2021-10-09 23:13:30.310 [http-nio-8400-exec-1] INFO  org.springframework.web.servlet.DispatcherServlet - Initializing Servlet 'dispatcherServlet'
2021-10-09 23:13:30.312 [http-nio-8400-exec-1] INFO  org.springframework.web.servlet.DispatcherServlet - Completed initialization in 2 ms
2021-10-09 23:13:30.895 [http-nio-8400-exec-10] INFO  com.zaxxer.hikari.HikariDataSource - HikariPool-1 - Starting...
2021-10-09 23:13:32.504 [http-nio-8400-exec-10] INFO  com.zaxxer.hikari.HikariDataSource - HikariPool-1 - Start completed.
2021-10-09 23:19:11.806 [restartedMain] INFO  com.example.EpidemicSurveillanceApplication - Starting EpidemicSurveillanceApplication using Java 1.8.0_192 on LAPTOP-94NLQ9G0 with PID 2984 (D:\project\sust-epidemic-surveillance\sust-epidemic-surveillance\target\classes started by 26905 in D:\project\sust-epidemic-surveillance\sust-epidemic-surveillance)
2021-10-09 23:19:11.810 [restartedMain] INFO  com.example.EpidemicSurveillanceApplication - The following profiles are active: dev
2021-10-09 23:19:11.870 [restartedMain] INFO  o.s.b.d.env.DevToolsPropertyDefaultsPostProcessor - Devtools property defaults active! Set 'spring.devtools.add-properties' to 'false' to disable
2021-10-09 23:19:11.870 [restartedMain] INFO  o.s.b.d.env.DevToolsPropertyDefaultsPostProcessor - For additional web related logging consider setting the 'logging.level.web' property to 'DEBUG'
2021-10-09 23:19:13.479 [restartedMain] INFO  o.s.boot.web.embedded.tomcat.TomcatWebServer - Tomcat initialized with port(s): 8400 (http)
2021-10-09 23:19:13.487 [restartedMain] INFO  org.apache.coyote.http11.Http11NioProtocol - Initializing ProtocolHandler ["http-nio-8400"]
2021-10-09 23:19:13.488 [restartedMain] INFO  org.apache.catalina.core.StandardService - Starting service [Tomcat]
2021-10-09 23:19:13.488 [restartedMain] INFO  org.apache.catalina.core.StandardEngine - Starting Servlet engine: [Apache Tomcat/9.0.53]
2021-10-09 23:19:13.646 [restartedMain] INFO  o.a.c.core.ContainerBase.[Tomcat].[localhost].[/] - Initializing Spring embedded WebApplicationContext
2021-10-09 23:19:13.646 [restartedMain] INFO  o.s.b.w.s.c.ServletWebServerApplicationContext - Root WebApplicationContext: initialization completed in 1775 ms
2021-10-09 23:19:15.705 [restartedMain] INFO  s.d.s.w.WebMvcPropertySourcedRequestMappingHandlerMapping - Mapped URL path [/v2/api-docs] onto method [springfox.documentation.swagger2.web.Swagger2ControllerWebMvc#getDocumentation(String, HttpServletRequest)]
2021-10-09 23:19:15.819 [restartedMain] INFO  o.s.b.d.autoconfigure.OptionalLiveReloadServer - LiveReload server is running on port 35729
2021-10-09 23:19:16.004 [restartedMain] INFO  o.s.security.web.DefaultSecurityFilterChain - Will secure Ant [pattern='/login'] with []
2021-10-09 23:19:16.004 [restartedMain] INFO  o.s.security.web.DefaultSecurityFilterChain - Will secure Ant [pattern='/logout'] with []
2021-10-09 23:19:16.004 [restartedMain] INFO  o.s.security.web.DefaultSecurityFilterChain - Will secure Ant [pattern='/css/**'] with []
2021-10-09 23:19:16.004 [restartedMain] INFO  o.s.security.web.DefaultSecurityFilterChain - Will secure Ant [pattern='/js/**'] with []
2021-10-09 23:19:16.004 [restartedMain] INFO  o.s.security.web.DefaultSecurityFilterChain - Will secure Ant [pattern='/index.html'] with []
2021-10-09 23:19:16.005 [restartedMain] INFO  o.s.security.web.DefaultSecurityFilterChain - Will secure Ant [pattern='favicon.ico'] with []
2021-10-09 23:19:16.005 [restartedMain] INFO  o.s.security.web.DefaultSecurityFilterChain - Will secure Ant [pattern='/doc.html'] with []
2021-10-09 23:19:16.005 [restartedMain] INFO  o.s.security.web.DefaultSecurityFilterChain - Will secure Ant [pattern='/webjars/**'] with []
2021-10-09 23:19:16.005 [restartedMain] INFO  o.s.security.web.DefaultSecurityFilterChain - Will secure Ant [pattern='/swagger-resources/**'] with []
2021-10-09 23:19:16.006 [restartedMain] INFO  o.s.security.web.DefaultSecurityFilterChain - Will secure Ant [pattern='/v2/api-docs/**'] with []
2021-10-09 23:19:16.006 [restartedMain] INFO  o.s.security.web.DefaultSecurityFilterChain - Will secure Ant [pattern='/captcha'] with []
2021-10-09 23:19:16.006 [restartedMain] INFO  o.s.security.web.DefaultSecurityFilterChain - Will secure Ant [pattern='/ws/**'] with []
2021-10-09 23:19:16.027 [restartedMain] INFO  o.s.security.web.DefaultSecurityFilterChain - Will secure any request with [org.springframework.security.web.context.request.async.WebAsyncManagerIntegrationFilter@468bf055, org.springframework.security.web.context.SecurityContextPersistenceFilter@11152780, org.springframework.security.web.header.HeaderWriterFilter@37b8cde3, org.springframework.security.web.authentication.logout.LogoutFilter@12f3245e, com.example.epidemicsurveillance.config.security.JwtAuthencationTokenFilter@2750c34d, org.springframework.security.web.savedrequest.RequestCacheAwareFilter@a00e6ec, org.springframework.security.web.servletapi.SecurityContextHolderAwareRequestFilter@1214b4cc, org.springframework.security.web.authentication.AnonymousAuthenticationFilter@4659ac1e, org.springframework.security.web.session.SessionManagementFilter@61750890, org.springframework.security.web.access.ExceptionTranslationFilter@59d273fe, org.springframework.security.web.access.intercept.FilterSecurityInterceptor@4e861c5c]
2021-10-09 23:19:16.107 [restartedMain] INFO  org.apache.coyote.http11.Http11NioProtocol - Starting ProtocolHandler ["http-nio-8400"]
2021-10-09 23:19:16.122 [restartedMain] INFO  o.s.boot.web.embedded.tomcat.TomcatWebServer - Tomcat started on port(s): 8400 (http) with context path ''
2021-10-09 23:19:16.123 [restartedMain] INFO  s.d.s.web.plugins.DocumentationPluginsBootstrapper - Documentation plugins bootstrapped
2021-10-09 23:19:16.125 [restartedMain] INFO  s.d.s.web.plugins.DocumentationPluginsBootstrapper - Found 1 custom documentation plugin(s)
2021-10-09 23:19:16.146 [restartedMain] INFO  s.d.spring.web.scanners.ApiListingReferenceScanner - Scanning for api listing references
2021-10-09 23:19:16.159 [restartedMain] INFO  com.example.EpidemicSurveillanceApplication - Started EpidemicSurveillanceApplication in 4.825 seconds (JVM running for 6.487)
2021-10-09 23:20:16.426 [http-nio-8400-exec-1] INFO  o.a.c.core.ContainerBase.[Tomcat].[localhost].[/] - Initializing Spring DispatcherServlet 'dispatcherServlet'
2021-10-09 23:20:16.426 [http-nio-8400-exec-1] INFO  org.springframework.web.servlet.DispatcherServlet - Initializing Servlet 'dispatcherServlet'
2021-10-09 23:20:16.430 [http-nio-8400-exec-1] INFO  org.springframework.web.servlet.DispatcherServlet - Completed initialization in 3 ms
2021-10-09 23:20:40.520 [http-nio-8400-exec-9] INFO  com.zaxxer.hikari.HikariDataSource - HikariPool-1 - Starting...
2021-10-09 23:20:41.870 [http-nio-8400-exec-9] INFO  com.zaxxer.hikari.HikariDataSource - HikariPool-1 - Start completed.
2021-10-09 23:21:14.517 [restartedMain] INFO  com.example.EpidemicSurveillanceApplication - Starting EpidemicSurveillanceApplication using Java 1.8.0_192 on LAPTOP-94NLQ9G0 with PID 20112 (D:\project\sust-epidemic-surveillance\sust-epidemic-surveillance\target\classes started by 26905 in D:\project\sust-epidemic-surveillance\sust-epidemic-surveillance)
2021-10-09 23:21:14.521 [restartedMain] INFO  com.example.EpidemicSurveillanceApplication - The following profiles are active: dev
2021-10-09 23:21:14.585 [restartedMain] INFO  o.s.b.d.env.DevToolsPropertyDefaultsPostProcessor - Devtools property defaults active! Set 'spring.devtools.add-properties' to 'false' to disable
2021-10-09 23:21:14.586 [restartedMain] INFO  o.s.b.d.env.DevToolsPropertyDefaultsPostProcessor - For additional web related logging consider setting the 'logging.level.web' property to 'DEBUG'
2021-10-09 23:21:15.921 [restartedMain] INFO  o.s.boot.web.embedded.tomcat.TomcatWebServer - Tomcat initialized with port(s): 8400 (http)
2021-10-09 23:21:15.929 [restartedMain] INFO  org.apache.coyote.http11.Http11NioProtocol - Initializing ProtocolHandler ["http-nio-8400"]
2021-10-09 23:21:15.930 [restartedMain] INFO  org.apache.catalina.core.StandardService - Starting service [Tomcat]
2021-10-09 23:21:15.930 [restartedMain] INFO  org.apache.catalina.core.StandardEngine - Starting Servlet engine: [Apache Tomcat/9.0.53]
2021-10-09 23:21:16.057 [restartedMain] INFO  o.a.c.core.ContainerBase.[Tomcat].[localhost].[/] - Initializing Spring embedded WebApplicationContext
2021-10-09 23:21:16.057 [restartedMain] INFO  o.s.b.w.s.c.ServletWebServerApplicationContext - Root WebApplicationContext: initialization completed in 1470 ms
2021-10-09 23:21:18.418 [restartedMain] INFO  s.d.s.w.WebMvcPropertySourcedRequestMappingHandlerMapping - Mapped URL path [/v2/api-docs] onto method [springfox.documentation.swagger2.web.Swagger2ControllerWebMvc#getDocumentation(String, HttpServletRequest)]
2021-10-09 23:21:18.546 [restartedMain] INFO  o.s.b.d.autoconfigure.OptionalLiveReloadServer - LiveReload server is running on port 35729
2021-10-09 23:21:18.822 [restartedMain] INFO  o.s.security.web.DefaultSecurityFilterChain - Will secure Ant [pattern='/login'] with []
2021-10-09 23:21:18.823 [restartedMain] INFO  o.s.security.web.DefaultSecurityFilterChain - Will secure Ant [pattern='/logout'] with []
2021-10-09 23:21:18.824 [restartedMain] INFO  o.s.security.web.DefaultSecurityFilterChain - Will secure Ant [pattern='/css/**'] with []
2021-10-09 23:21:18.824 [restartedMain] INFO  o.s.security.web.DefaultSecurityFilterChain - Will secure Ant [pattern='/js/**'] with []
2021-10-09 23:21:18.825 [restartedMain] INFO  o.s.security.web.DefaultSecurityFilterChain - Will secure Ant [pattern='/index.html'] with []
2021-10-09 23:21:18.825 [restartedMain] INFO  o.s.security.web.DefaultSecurityFilterChain - Will secure Ant [pattern='favicon.ico'] with []
2021-10-09 23:21:18.825 [restartedMain] INFO  o.s.security.web.DefaultSecurityFilterChain - Will secure Ant [pattern='/doc.html'] with []
2021-10-09 23:21:18.826 [restartedMain] INFO  o.s.security.web.DefaultSecurityFilterChain - Will secure Ant [pattern='/webjars/**'] with []
2021-10-09 23:21:18.826 [restartedMain] INFO  o.s.security.web.DefaultSecurityFilterChain - Will secure Ant [pattern='/swagger-resources/**'] with []
2021-10-09 23:21:18.826 [restartedMain] INFO  o.s.security.web.DefaultSecurityFilterChain - Will secure Ant [pattern='/v2/api-docs/**'] with []
2021-10-09 23:21:18.827 [restartedMain] INFO  o.s.security.web.DefaultSecurityFilterChain - Will secure Ant [pattern='/captcha'] with []
2021-10-09 23:21:18.827 [restartedMain] INFO  o.s.security.web.DefaultSecurityFilterChain - Will secure Ant [pattern='/ws/**'] with []
2021-10-09 23:21:18.865 [restartedMain] INFO  o.s.security.web.DefaultSecurityFilterChain - Will secure any request with [org.springframework.security.web.context.request.async.WebAsyncManagerIntegrationFilter@2b8c4323, org.springframework.security.web.context.SecurityContextPersistenceFilter@23aedb7c, org.springframework.security.web.header.HeaderWriterFilter@42c86d84, org.springframework.security.web.authentication.logout.LogoutFilter@f513f, com.example.epidemicsurveillance.config.security.JwtAuthencationTokenFilter@66c19ab7, org.springframework.security.web.savedrequest.RequestCacheAwareFilter@725ec94d, org.springframework.security.web.servletapi.SecurityContextHolderAwareRequestFilter@aa520f8, org.springframework.security.web.authentication.AnonymousAuthenticationFilter@d5f5206, org.springframework.security.web.session.SessionManagementFilter@32adc029, org.springframework.security.web.access.ExceptionTranslationFilter@69eaadd0, org.springframework.security.web.access.intercept.FilterSecurityInterceptor@12ae9509]
2021-10-09 23:21:18.988 [restartedMain] INFO  org.apache.coyote.http11.Http11NioProtocol - Starting ProtocolHandler ["http-nio-8400"]
2021-10-09 23:21:19.005 [restartedMain] INFO  o.s.boot.web.embedded.tomcat.TomcatWebServer - Tomcat started on port(s): 8400 (http) with context path ''
2021-10-09 23:21:19.006 [restartedMain] INFO  s.d.s.web.plugins.DocumentationPluginsBootstrapper - Documentation plugins bootstrapped
2021-10-09 23:21:19.008 [restartedMain] INFO  s.d.s.web.plugins.DocumentationPluginsBootstrapper - Found 1 custom documentation plugin(s)
2021-10-09 23:21:19.038 [restartedMain] INFO  s.d.spring.web.scanners.ApiListingReferenceScanner - Scanning for api listing references
2021-10-09 23:21:19.055 [restartedMain] INFO  com.example.EpidemicSurveillanceApplication - Started EpidemicSurveillanceApplication in 5.145 seconds (JVM running for 7.116)
2021-10-09 23:21:32.918 [http-nio-8400-exec-1] INFO  o.a.c.core.ContainerBase.[Tomcat].[localhost].[/] - Initializing Spring DispatcherServlet 'dispatcherServlet'
2021-10-09 23:21:32.918 [http-nio-8400-exec-1] INFO  org.springframework.web.servlet.DispatcherServlet - Initializing Servlet 'dispatcherServlet'
2021-10-09 23:21:32.922 [http-nio-8400-exec-1] INFO  org.springframework.web.servlet.DispatcherServlet - Completed initialization in 4 ms
2021-10-09 23:22:10.189 [http-nio-8400-exec-6] INFO  com.zaxxer.hikari.HikariDataSource - HikariPool-1 - Starting...
2021-10-09 23:22:11.507 [http-nio-8400-exec-6] INFO  com.zaxxer.hikari.HikariDataSource - HikariPool-1 - Start completed.
2021-10-09 23:24:11.447 [restartedMain] INFO  com.example.EpidemicSurveillanceApplication - Starting EpidemicSurveillanceApplication using Java 1.8.0_192 on LAPTOP-94NLQ9G0 with PID 23372 (D:\project\sust-epidemic-surveillance\sust-epidemic-surveillance\target\classes started by 26905 in D:\project\sust-epidemic-surveillance\sust-epidemic-surveillance)
2021-10-09 23:24:11.451 [restartedMain] INFO  com.example.EpidemicSurveillanceApplication - The following profiles are active: dev
2021-10-09 23:24:11.501 [restartedMain] INFO  o.s.b.d.env.DevToolsPropertyDefaultsPostProcessor - Devtools property defaults active! Set 'spring.devtools.add-properties' to 'false' to disable
2021-10-09 23:24:11.502 [restartedMain] INFO  o.s.b.d.env.DevToolsPropertyDefaultsPostProcessor - For additional web related logging consider setting the 'logging.level.web' property to 'DEBUG'
2021-10-09 23:24:12.986 [restartedMain] INFO  o.s.boot.web.embedded.tomcat.TomcatWebServer - Tomcat initialized with port(s): 8400 (http)
2021-10-09 23:24:12.994 [restartedMain] INFO  org.apache.coyote.http11.Http11NioProtocol - Initializing ProtocolHandler ["http-nio-8400"]
2021-10-09 23:24:12.995 [restartedMain] INFO  org.apache.catalina.core.StandardService - Starting service [Tomcat]
2021-10-09 23:24:12.995 [restartedMain] INFO  org.apache.catalina.core.StandardEngine - Starting Servlet engine: [Apache Tomcat/9.0.53]
2021-10-09 23:24:13.147 [restartedMain] INFO  o.a.c.core.ContainerBase.[Tomcat].[localhost].[/] - Initializing Spring embedded WebApplicationContext
2021-10-09 23:24:13.147 [restartedMain] INFO  o.s.b.w.s.c.ServletWebServerApplicationContext - Root WebApplicationContext: initialization completed in 1644 ms
2021-10-09 23:24:15.425 [restartedMain] INFO  s.d.s.w.WebMvcPropertySourcedRequestMappingHandlerMapping - Mapped URL path [/v2/api-docs] onto method [springfox.documentation.swagger2.web.Swagger2ControllerWebMvc#getDocumentation(String, HttpServletRequest)]
2021-10-09 23:24:15.520 [restartedMain] INFO  o.s.b.d.autoconfigure.OptionalLiveReloadServer - LiveReload server is running on port 35729
2021-10-09 23:24:15.684 [restartedMain] INFO  o.s.security.web.DefaultSecurityFilterChain - Will secure Ant [pattern='/login'] with []
2021-10-09 23:24:15.685 [restartedMain] INFO  o.s.security.web.DefaultSecurityFilterChain - Will secure Ant [pattern='/logout'] with []
2021-10-09 23:24:15.685 [restartedMain] INFO  o.s.security.web.DefaultSecurityFilterChain - Will secure Ant [pattern='/css/**'] with []
2021-10-09 23:24:15.685 [restartedMain] INFO  o.s.security.web.DefaultSecurityFilterChain - Will secure Ant [pattern='/js/**'] with []
2021-10-09 23:24:15.685 [restartedMain] INFO  o.s.security.web.DefaultSecurityFilterChain - Will secure Ant [pattern='/index.html'] with []
2021-10-09 23:24:15.685 [restartedMain] INFO  o.s.security.web.DefaultSecurityFilterChain - Will secure Ant [pattern='favicon.ico'] with []
2021-10-09 23:24:15.685 [restartedMain] INFO  o.s.security.web.DefaultSecurityFilterChain - Will secure Ant [pattern='/doc.html#/**'] with []
2021-10-09 23:24:15.686 [restartedMain] INFO  o.s.security.web.DefaultSecurityFilterChain - Will secure Ant [pattern='/webjars/**'] with []
2021-10-09 23:24:15.686 [restartedMain] INFO  o.s.security.web.DefaultSecurityFilterChain - Will secure Ant [pattern='/swagger-resources/**'] with []
2021-10-09 23:24:15.686 [restartedMain] INFO  o.s.security.web.DefaultSecurityFilterChain - Will secure Ant [pattern='/v2/api-docs/**'] with []
2021-10-09 23:24:15.686 [restartedMain] INFO  o.s.security.web.DefaultSecurityFilterChain - Will secure Ant [pattern='/captcha'] with []
2021-10-09 23:24:15.686 [restartedMain] INFO  o.s.security.web.DefaultSecurityFilterChain - Will secure Ant [pattern='/ws/**'] with []
2021-10-09 23:24:15.709 [restartedMain] INFO  o.s.security.web.DefaultSecurityFilterChain - Will secure any request with [org.springframework.security.web.context.request.async.WebAsyncManagerIntegrationFilter@5b310960, org.springframework.security.web.context.SecurityContextPersistenceFilter@2bf3da3b, org.springframework.security.web.header.HeaderWriterFilter@103b8d67, org.springframework.security.web.authentication.logout.LogoutFilter@15001784, com.example.epidemicsurveillance.config.security.JwtAuthencationTokenFilter@29385c4b, org.springframework.security.web.savedrequest.RequestCacheAwareFilter@67accf7d, org.springframework.security.web.servletapi.SecurityContextHolderAwareRequestFilter@4501e992, org.springframework.security.web.authentication.AnonymousAuthenticationFilter@6130af16, org.springframework.security.web.session.SessionManagementFilter@5579715b, org.springframework.security.web.access.ExceptionTranslationFilter@5afd2311, org.springframework.security.web.access.intercept.FilterSecurityInterceptor@55f438a7]
2021-10-09 23:24:15.791 [restartedMain] INFO  org.apache.coyote.http11.Http11NioProtocol - Starting ProtocolHandler ["http-nio-8400"]
2021-10-09 23:24:15.804 [restartedMain] INFO  o.s.boot.web.embedded.tomcat.TomcatWebServer - Tomcat started on port(s): 8400 (http) with context path ''
2021-10-09 23:24:15.805 [restartedMain] INFO  s.d.s.web.plugins.DocumentationPluginsBootstrapper - Documentation plugins bootstrapped
2021-10-09 23:24:15.808 [restartedMain] INFO  s.d.s.web.plugins.DocumentationPluginsBootstrapper - Found 1 custom documentation plugin(s)
2021-10-09 23:24:15.827 [restartedMain] INFO  s.d.spring.web.scanners.ApiListingReferenceScanner - Scanning for api listing references
2021-10-09 23:24:15.837 [restartedMain] INFO  com.example.EpidemicSurveillanceApplication - Started EpidemicSurveillanceApplication in 4.985 seconds (JVM running for 7.036)
2021-10-09 23:24:20.713 [http-nio-8400-exec-1] INFO  o.a.c.core.ContainerBase.[Tomcat].[localhost].[/] - Initializing Spring DispatcherServlet 'dispatcherServlet'
2021-10-09 23:24:20.713 [http-nio-8400-exec-1] INFO  org.springframework.web.servlet.DispatcherServlet - Initializing Servlet 'dispatcherServlet'
2021-10-09 23:24:20.715 [http-nio-8400-exec-1] INFO  org.springframework.web.servlet.DispatcherServlet - Completed initialization in 2 ms
2021-10-09 23:24:20.759 [http-nio-8400-exec-1] INFO  com.zaxxer.hikari.HikariDataSource - HikariPool-1 - Starting...
2021-10-09 23:24:22.130 [http-nio-8400-exec-1] INFO  com.zaxxer.hikari.HikariDataSource - HikariPool-1 - Start completed.
2021-10-09 23:27:00.462 [restartedMain] INFO  com.example.EpidemicSurveillanceApplication - Starting EpidemicSurveillanceApplication using Java 1.8.0_192 on LAPTOP-94NLQ9G0 with PID 21620 (D:\project\sust-epidemic-surveillance\sust-epidemic-surveillance\target\classes started by 26905 in D:\project\sust-epidemic-surveillance\sust-epidemic-surveillance)
2021-10-09 23:27:00.466 [restartedMain] INFO  com.example.EpidemicSurveillanceApplication - The following profiles are active: dev
2021-10-09 23:27:00.521 [restartedMain] INFO  o.s.b.d.env.DevToolsPropertyDefaultsPostProcessor - Devtools property defaults active! Set 'spring.devtools.add-properties' to 'false' to disable
2021-10-09 23:27:00.522 [restartedMain] INFO  o.s.b.d.env.DevToolsPropertyDefaultsPostProcessor - For additional web related logging consider setting the 'logging.level.web' property to 'DEBUG'
2021-10-09 23:27:01.779 [restartedMain] INFO  o.s.boot.web.embedded.tomcat.TomcatWebServer - Tomcat initialized with port(s): 8400 (http)
2021-10-09 23:27:01.794 [restartedMain] INFO  org.apache.coyote.http11.Http11NioProtocol - Initializing ProtocolHandler ["http-nio-8400"]
2021-10-09 23:27:01.795 [restartedMain] INFO  org.apache.catalina.core.StandardService - Starting service [Tomcat]
2021-10-09 23:27:01.795 [restartedMain] INFO  org.apache.catalina.core.StandardEngine - Starting Servlet engine: [Apache Tomcat/9.0.53]
2021-10-09 23:27:01.917 [restartedMain] INFO  o.a.c.core.ContainerBase.[Tomcat].[localhost].[/] - Initializing Spring embedded WebApplicationContext
2021-10-09 23:27:01.918 [restartedMain] INFO  o.s.b.w.s.c.ServletWebServerApplicationContext - Root WebApplicationContext: initialization completed in 1395 ms
2021-10-09 23:27:03.844 [restartedMain] INFO  s.d.s.w.WebMvcPropertySourcedRequestMappingHandlerMapping - Mapped URL path [/v2/api-docs] onto method [springfox.documentation.swagger2.web.Swagger2ControllerWebMvc#getDocumentation(String, HttpServletRequest)]
2021-10-09 23:27:03.938 [restartedMain] INFO  o.s.b.d.autoconfigure.OptionalLiveReloadServer - LiveReload server is running on port 35729
2021-10-09 23:27:04.110 [restartedMain] INFO  o.s.security.web.DefaultSecurityFilterChain - Will secure Ant [pattern='/login'] with []
2021-10-09 23:27:04.110 [restartedMain] INFO  o.s.security.web.DefaultSecurityFilterChain - Will secure Ant [pattern='/logout'] with []
2021-10-09 23:27:04.110 [restartedMain] INFO  o.s.security.web.DefaultSecurityFilterChain - Will secure Ant [pattern='/css/**'] with []
2021-10-09 23:27:04.110 [restartedMain] INFO  o.s.security.web.DefaultSecurityFilterChain - Will secure Ant [pattern='/js/**'] with []
2021-10-09 23:27:04.110 [restartedMain] INFO  o.s.security.web.DefaultSecurityFilterChain - Will secure Ant [pattern='/index.html'] with []
2021-10-09 23:27:04.111 [restartedMain] INFO  o.s.security.web.DefaultSecurityFilterChain - Will secure Ant [pattern='favicon.ico'] with []
2021-10-09 23:27:04.111 [restartedMain] INFO  o.s.security.web.DefaultSecurityFilterChain - Will secure Ant [pattern='/doc.html'] with []
2021-10-09 23:27:04.111 [restartedMain] INFO  o.s.security.web.DefaultSecurityFilterChain - Will secure Ant [pattern='/webjars/**'] with []
2021-10-09 23:27:04.111 [restartedMain] INFO  o.s.security.web.DefaultSecurityFilterChain - Will secure Ant [pattern='/img.icons/**'] with []
2021-10-09 23:27:04.111 [restartedMain] INFO  o.s.security.web.DefaultSecurityFilterChain - Will secure Ant [pattern='/swagger-resources/**'] with []
2021-10-09 23:27:04.111 [restartedMain] INFO  o.s.security.web.DefaultSecurityFilterChain - Will secure Ant [pattern='/**'] with []
2021-10-09 23:27:04.111 [restartedMain] INFO  o.s.security.web.DefaultSecurityFilterChain - Will secure Ant [pattern='/v2/api-docs'] with []
2021-10-09 23:27:04.112 [restartedMain] INFO  o.s.security.web.DefaultSecurityFilterChain - Will secure Ant [pattern='/swagger-ui.html'] with []
2021-10-09 23:27:04.112 [restartedMain] INFO  o.s.security.web.DefaultSecurityFilterChain - Will secure Ant [pattern='/captcha'] with []
2021-10-09 23:27:04.112 [restartedMain] INFO  o.s.security.web.DefaultSecurityFilterChain - Will secure Ant [pattern='/ws/**'] with []
2021-10-09 23:27:04.132 [restartedMain] INFO  o.s.security.web.DefaultSecurityFilterChain - Will secure any request with [org.springframework.security.web.context.request.async.WebAsyncManagerIntegrationFilter@468bf055, org.springframework.security.web.context.SecurityContextPersistenceFilter@11152780, org.springframework.security.web.header.HeaderWriterFilter@37b8cde3, org.springframework.security.web.authentication.logout.LogoutFilter@12f3245e, com.example.epidemicsurveillance.config.security.JwtAuthencationTokenFilter@2750c34d, org.springframework.security.web.savedrequest.RequestCacheAwareFilter@a00e6ec, org.springframework.security.web.servletapi.SecurityContextHolderAwareRequestFilter@1214b4cc, org.springframework.security.web.authentication.AnonymousAuthenticationFilter@4659ac1e, org.springframework.security.web.session.SessionManagementFilter@61750890, org.springframework.security.web.access.ExceptionTranslationFilter@59d273fe, org.springframework.security.web.access.intercept.FilterSecurityInterceptor@4e861c5c]
2021-10-09 23:27:04.200 [restartedMain] INFO  org.apache.coyote.http11.Http11NioProtocol - Starting ProtocolHandler ["http-nio-8400"]
2021-10-09 23:27:04.215 [restartedMain] INFO  o.s.boot.web.embedded.tomcat.TomcatWebServer - Tomcat started on port(s): 8400 (http) with context path ''
2021-10-09 23:27:04.216 [restartedMain] INFO  s.d.s.web.plugins.DocumentationPluginsBootstrapper - Documentation plugins bootstrapped
2021-10-09 23:27:04.219 [restartedMain] INFO  s.d.s.web.plugins.DocumentationPluginsBootstrapper - Found 1 custom documentation plugin(s)
2021-10-09 23:27:04.236 [restartedMain] INFO  s.d.spring.web.scanners.ApiListingReferenceScanner - Scanning for api listing references
2021-10-09 23:27:04.248 [restartedMain] INFO  com.example.EpidemicSurveillanceApplication - Started EpidemicSurveillanceApplication in 4.326 seconds (JVM running for 6.302)
2021-10-09 23:27:10.206 [http-nio-8400-exec-1] INFO  o.a.c.core.ContainerBase.[Tomcat].[localhost].[/] - Initializing Spring DispatcherServlet 'dispatcherServlet'
2021-10-09 23:27:10.207 [http-nio-8400-exec-1] INFO  org.springframework.web.servlet.DispatcherServlet - Initializing Servlet 'dispatcherServlet'
2021-10-09 23:27:10.211 [http-nio-8400-exec-1] INFO  org.springframework.web.servlet.DispatcherServlet - Completed initialization in 4 ms
2021-10-09 23:27:54.882 [restartedMain] INFO  com.example.EpidemicSurveillanceApplication - Starting EpidemicSurveillanceApplication using Java 1.8.0_192 on LAPTOP-94NLQ9G0 with PID 9936 (D:\project\sust-epidemic-surveillance\sust-epidemic-surveillance\target\classes started by 26905 in D:\project\sust-epidemic-surveillance\sust-epidemic-surveillance)
2021-10-09 23:27:54.886 [restartedMain] INFO  com.example.EpidemicSurveillanceApplication - The following profiles are active: dev
2021-10-09 23:27:54.934 [restartedMain] INFO  o.s.b.d.env.DevToolsPropertyDefaultsPostProcessor - Devtools property defaults active! Set 'spring.devtools.add-properties' to 'false' to disable
2021-10-09 23:27:54.934 [restartedMain] INFO  o.s.b.d.env.DevToolsPropertyDefaultsPostProcessor - For additional web related logging consider setting the 'logging.level.web' property to 'DEBUG'
2021-10-09 23:27:56.329 [restartedMain] INFO  o.s.boot.web.embedded.tomcat.TomcatWebServer - Tomcat initialized with port(s): 8400 (http)
2021-10-09 23:27:56.338 [restartedMain] INFO  org.apache.coyote.http11.Http11NioProtocol - Initializing ProtocolHandler ["http-nio-8400"]
2021-10-09 23:27:56.339 [restartedMain] INFO  org.apache.catalina.core.StandardService - Starting service [Tomcat]
2021-10-09 23:27:56.339 [restartedMain] INFO  org.apache.catalina.core.StandardEngine - Starting Servlet engine: [Apache Tomcat/9.0.53]
2021-10-09 23:27:56.499 [restartedMain] INFO  o.a.c.core.ContainerBase.[Tomcat].[localhost].[/] - Initializing Spring embedded WebApplicationContext
2021-10-09 23:27:56.500 [restartedMain] INFO  o.s.b.w.s.c.ServletWebServerApplicationContext - Root WebApplicationContext: initialization completed in 1565 ms
2021-10-09 23:27:58.548 [restartedMain] INFO  s.d.s.w.WebMvcPropertySourcedRequestMappingHandlerMapping - Mapped URL path [/v2/api-docs] onto method [springfox.documentation.swagger2.web.Swagger2ControllerWebMvc#getDocumentation(String, HttpServletRequest)]
2021-10-09 23:27:58.645 [restartedMain] INFO  o.s.b.d.autoconfigure.OptionalLiveReloadServer - LiveReload server is running on port 35729
2021-10-09 23:27:58.801 [restartedMain] INFO  o.s.security.web.DefaultSecurityFilterChain - Will secure Ant [pattern='/login'] with []
2021-10-09 23:27:58.801 [restartedMain] INFO  o.s.security.web.DefaultSecurityFilterChain - Will secure Ant [pattern='/logout'] with []
2021-10-09 23:27:58.801 [restartedMain] INFO  o.s.security.web.DefaultSecurityFilterChain - Will secure Ant [pattern='/css/**'] with []
2021-10-09 23:27:58.802 [restartedMain] INFO  o.s.security.web.DefaultSecurityFilterChain - Will secure Ant [pattern='/js/**'] with []
2021-10-09 23:27:58.802 [restartedMain] INFO  o.s.security.web.DefaultSecurityFilterChain - Will secure Ant [pattern='/index.html'] with []
2021-10-09 23:27:58.802 [restartedMain] INFO  o.s.security.web.DefaultSecurityFilterChain - Will secure Ant [pattern='favicon.ico'] with []
2021-10-09 23:27:58.802 [restartedMain] INFO  o.s.security.web.DefaultSecurityFilterChain - Will secure Ant [pattern='/doc.html#/**'] with []
2021-10-09 23:27:58.802 [restartedMain] INFO  o.s.security.web.DefaultSecurityFilterChain - Will secure Ant [pattern='/webjars/**'] with []
2021-10-09 23:27:58.802 [restartedMain] INFO  o.s.security.web.DefaultSecurityFilterChain - Will secure Ant [pattern='/img.icons/**'] with []
2021-10-09 23:27:58.802 [restartedMain] INFO  o.s.security.web.DefaultSecurityFilterChain - Will secure Ant [pattern='/swagger-resources/**'] with []
2021-10-09 23:27:58.803 [restartedMain] INFO  o.s.security.web.DefaultSecurityFilterChain - Will secure Ant [pattern='/**'] with []
2021-10-09 23:27:58.803 [restartedMain] INFO  o.s.security.web.DefaultSecurityFilterChain - Will secure Ant [pattern='/v2/api-docs'] with []
2021-10-09 23:27:58.803 [restartedMain] INFO  o.s.security.web.DefaultSecurityFilterChain - Will secure Ant [pattern='/swagger-ui.html'] with []
2021-10-09 23:27:58.803 [restartedMain] INFO  o.s.security.web.DefaultSecurityFilterChain - Will secure Ant [pattern='/captcha'] with []
2021-10-09 23:27:58.803 [restartedMain] INFO  o.s.security.web.DefaultSecurityFilterChain - Will secure Ant [pattern='/ws/**'] with []
2021-10-09 23:27:58.821 [restartedMain] INFO  o.s.security.web.DefaultSecurityFilterChain - Will secure any request with [org.springframework.security.web.context.request.async.WebAsyncManagerIntegrationFilter@37b624ba, org.springframework.security.web.context.SecurityContextPersistenceFilter@3ac7bc6d, org.springframework.security.web.header.HeaderWriterFilter@4f13e95a, org.springframework.security.web.authentication.logout.LogoutFilter@6a3c3bd6, com.example.epidemicsurveillance.config.security.JwtAuthencationTokenFilter@4ccaa9c2, org.springframework.security.web.savedrequest.RequestCacheAwareFilter@76c85cb1, org.springframework.security.web.servletapi.SecurityContextHolderAwareRequestFilter@4e7886fc, org.springframework.security.web.authentication.AnonymousAuthenticationFilter@18e3fd32, org.springframework.security.web.session.SessionManagementFilter@f3dab98, org.springframework.security.web.access.ExceptionTranslationFilter@4fc14574, org.springframework.security.web.access.intercept.FilterSecurityInterceptor@4ed33028]
2021-10-09 23:27:58.892 [restartedMain] INFO  org.apache.coyote.http11.Http11NioProtocol - Starting ProtocolHandler ["http-nio-8400"]
2021-10-09 23:27:58.905 [restartedMain] INFO  o.s.boot.web.embedded.tomcat.TomcatWebServer - Tomcat started on port(s): 8400 (http) with context path ''
2021-10-09 23:27:58.906 [restartedMain] INFO  s.d.s.web.plugins.DocumentationPluginsBootstrapper - Documentation plugins bootstrapped
2021-10-09 23:27:58.909 [restartedMain] INFO  s.d.s.web.plugins.DocumentationPluginsBootstrapper - Found 1 custom documentation plugin(s)
2021-10-09 23:27:58.927 [restartedMain] INFO  s.d.spring.web.scanners.ApiListingReferenceScanner - Scanning for api listing references
2021-10-09 23:27:58.939 [restartedMain] INFO  com.example.EpidemicSurveillanceApplication - Started EpidemicSurveillanceApplication in 4.617 seconds (JVM running for 6.336)
2021-10-09 23:28:02.685 [http-nio-8400-exec-1] INFO  o.a.c.core.ContainerBase.[Tomcat].[localhost].[/] - Initializing Spring DispatcherServlet 'dispatcherServlet'
2021-10-09 23:28:02.686 [http-nio-8400-exec-1] INFO  org.springframework.web.servlet.DispatcherServlet - Initializing Servlet 'dispatcherServlet'
2021-10-09 23:28:02.689 [http-nio-8400-exec-1] INFO  org.springframework.web.servlet.DispatcherServlet - Completed initialization in 3 ms
2021-10-09 23:28:47.458 [restartedMain] INFO  com.example.EpidemicSurveillanceApplication - Starting EpidemicSurveillanceApplication using Java 1.8.0_192 on LAPTOP-94NLQ9G0 with PID 23060 (D:\project\sust-epidemic-surveillance\sust-epidemic-surveillance\target\classes started by 26905 in D:\project\sust-epidemic-surveillance\sust-epidemic-surveillance)
2021-10-09 23:28:47.462 [restartedMain] INFO  com.example.EpidemicSurveillanceApplication - The following profiles are active: dev
2021-10-09 23:28:47.516 [restartedMain] INFO  o.s.b.d.env.DevToolsPropertyDefaultsPostProcessor - Devtools property defaults active! Set 'spring.devtools.add-properties' to 'false' to disable
2021-10-09 23:28:47.517 [restartedMain] INFO  o.s.b.d.env.DevToolsPropertyDefaultsPostProcessor - For additional web related logging consider setting the 'logging.level.web' property to 'DEBUG'
2021-10-09 23:28:48.976 [restartedMain] INFO  o.s.boot.web.embedded.tomcat.TomcatWebServer - Tomcat initialized with port(s): 8400 (http)
2021-10-09 23:28:48.986 [restartedMain] INFO  org.apache.coyote.http11.Http11NioProtocol - Initializing ProtocolHandler ["http-nio-8400"]
2021-10-09 23:28:48.987 [restartedMain] INFO  org.apache.catalina.core.StandardService - Starting service [Tomcat]
2021-10-09 23:28:48.988 [restartedMain] INFO  org.apache.catalina.core.StandardEngine - Starting Servlet engine: [Apache Tomcat/9.0.53]
2021-10-09 23:28:49.141 [restartedMain] INFO  o.a.c.core.ContainerBase.[Tomcat].[localhost].[/] - Initializing Spring embedded WebApplicationContext
2021-10-09 23:28:49.141 [restartedMain] INFO  o.s.b.w.s.c.ServletWebServerApplicationContext - Root WebApplicationContext: initialization completed in 1623 ms
2021-10-09 23:28:51.213 [restartedMain] INFO  s.d.s.w.WebMvcPropertySourcedRequestMappingHandlerMapping - Mapped URL path [/v2/api-docs] onto method [springfox.documentation.swagger2.web.Swagger2ControllerWebMvc#getDocumentation(String, HttpServletRequest)]
2021-10-09 23:28:51.307 [restartedMain] INFO  o.s.b.d.autoconfigure.OptionalLiveReloadServer - LiveReload server is running on port 35729
2021-10-09 23:28:51.474 [restartedMain] INFO  o.s.security.web.DefaultSecurityFilterChain - Will secure Ant [pattern='/login'] with []
2021-10-09 23:28:51.474 [restartedMain] INFO  o.s.security.web.DefaultSecurityFilterChain - Will secure Ant [pattern='/logout'] with []
2021-10-09 23:28:51.475 [restartedMain] INFO  o.s.security.web.DefaultSecurityFilterChain - Will secure Ant [pattern='/css/**'] with []
2021-10-09 23:28:51.475 [restartedMain] INFO  o.s.security.web.DefaultSecurityFilterChain - Will secure Ant [pattern='/js/**'] with []
2021-10-09 23:28:51.475 [restartedMain] INFO  o.s.security.web.DefaultSecurityFilterChain - Will secure Ant [pattern='/index.html'] with []
2021-10-09 23:28:51.475 [restartedMain] INFO  o.s.security.web.DefaultSecurityFilterChain - Will secure Ant [pattern='favicon.ico'] with []
2021-10-09 23:28:51.475 [restartedMain] INFO  o.s.security.web.DefaultSecurityFilterChain - Will secure Ant [pattern='/doc.html'] with []
2021-10-09 23:28:51.475 [restartedMain] INFO  o.s.security.web.DefaultSecurityFilterChain - Will secure Ant [pattern='/webjars/**'] with []
2021-10-09 23:28:51.476 [restartedMain] INFO  o.s.security.web.DefaultSecurityFilterChain - Will secure Ant [pattern='/img.icons/**'] with []
2021-10-09 23:28:51.476 [restartedMain] INFO  o.s.security.web.DefaultSecurityFilterChain - Will secure Ant [pattern='/swagger-resources/**'] with []
2021-10-09 23:28:51.476 [restartedMain] INFO  o.s.security.web.DefaultSecurityFilterChain - Will secure Ant [pattern='/**'] with []
2021-10-09 23:28:51.476 [restartedMain] INFO  o.s.security.web.DefaultSecurityFilterChain - Will secure Ant [pattern='/v2/api-docs'] with []
2021-10-09 23:28:51.476 [restartedMain] INFO  o.s.security.web.DefaultSecurityFilterChain - Will secure Ant [pattern='/swagger-ui.html'] with []
2021-10-09 23:28:51.476 [restartedMain] INFO  o.s.security.web.DefaultSecurityFilterChain - Will secure Ant [pattern='/captcha'] with []
2021-10-09 23:28:51.476 [restartedMain] INFO  o.s.security.web.DefaultSecurityFilterChain - Will secure Ant [pattern='/ws/**'] with []
2021-10-09 23:28:51.498 [restartedMain] INFO  o.s.security.web.DefaultSecurityFilterChain - Will secure any request with [org.springframework.security.web.context.request.async.WebAsyncManagerIntegrationFilter@458134af, org.springframework.security.web.context.SecurityContextPersistenceFilter@773525d7, org.springframework.security.web.header.HeaderWriterFilter@267c1e2b, org.springframework.security.web.authentication.logout.LogoutFilter@6e10e8e8, com.example.epidemicsurveillance.config.security.JwtAuthencationTokenFilter@6b76d8c9, org.springframework.security.web.savedrequest.RequestCacheAwareFilter@5bcd6790, org.springframework.security.web.servletapi.SecurityContextHolderAwareRequestFilter@7ca97974, org.springframework.security.web.authentication.AnonymousAuthenticationFilter@288fdd41, org.springframework.security.web.session.SessionManagementFilter@3d708042, org.springframework.security.web.access.ExceptionTranslationFilter@5a442c41, org.springframework.security.web.access.intercept.FilterSecurityInterceptor@471bcc7]
2021-10-09 23:28:51.572 [restartedMain] INFO  org.apache.coyote.http11.Http11NioProtocol - Starting ProtocolHandler ["http-nio-8400"]
2021-10-09 23:28:51.587 [restartedMain] INFO  o.s.boot.web.embedded.tomcat.TomcatWebServer - Tomcat started on port(s): 8400 (http) with context path ''
2021-10-09 23:28:51.588 [restartedMain] INFO  s.d.s.web.plugins.DocumentationPluginsBootstrapper - Documentation plugins bootstrapped
2021-10-09 23:28:51.590 [restartedMain] INFO  s.d.s.web.plugins.DocumentationPluginsBootstrapper - Found 1 custom documentation plugin(s)
2021-10-09 23:28:51.611 [restartedMain] INFO  s.d.spring.web.scanners.ApiListingReferenceScanner - Scanning for api listing references
2021-10-09 23:28:51.624 [restartedMain] INFO  com.example.EpidemicSurveillanceApplication - Started EpidemicSurveillanceApplication in 4.667 seconds (JVM running for 6.371)
2021-10-09 23:28:55.627 [http-nio-8400-exec-1] INFO  o.a.c.core.ContainerBase.[Tomcat].[localhost].[/] - Initializing Spring DispatcherServlet 'dispatcherServlet'
2021-10-09 23:28:55.628 [http-nio-8400-exec-1] INFO  org.springframework.web.servlet.DispatcherServlet - Initializing Servlet 'dispatcherServlet'
2021-10-09 23:28:55.631 [http-nio-8400-exec-1] INFO  org.springframework.web.servlet.DispatcherServlet - Completed initialization in 3 ms
